<?xml version="1.0" encoding="UTF-8"?>
<!-- Generated by org.testng.reporters.JUnitReportReporter -->
<testsuite hostname="DESKTOP-EKLQ2FA" failures="0" tests="1" name="tests.CP_004_QuitarProductosDelCarrito" time="2.591" errors="0" timestamp="2024-09-04T16:39:37 ART" skipped="0">
  <testcase classname="tests.CP_004_QuitarProductosDelCarrito" name="agregarPruductoAlCarrito" time="2.591"/>
  <system-out>
    <![CDATA[======Launch Browser======]]>
  </system-out>
</testsuite> <!-- tests.CP_004_QuitarProductosDelCarrito -->
