<?xml version="1.0" encoding="UTF-8"?>
<!-- Generated by org.testng.reporters.JUnitReportReporter -->
<testsuite hostname="DESKTOP-EKLQ2FA" failures="0" tests="1" name="tests.CP_006_CompraExitosaDeProducto" time="2.910" errors="0" timestamp="2024-09-04T20:30:56 ART" skipped="0">
  <testcase classname="tests.CP_006_CompraExitosaDeProducto" name="realizarCompraDeProducto" time="2.910"/>
  <system-out>
    <![CDATA[======Launch Browser======]]>
  </system-out>
</testsuite> <!-- tests.CP_006_CompraExitosaDeProducto -->
