<?xml version="1.0" encoding="UTF-8"?>
<!-- Generated by org.testng.reporters.JUnitReportReporter -->
<testsuite hostname="DESKTOP-EKLQ2FA" failures="0" tests="1" name="tests.CP_007_CompraNoExitosaSinDatoNombre" time="2.767" errors="0" timestamp="2024-09-04T20:31:07 ART" skipped="0">
  <testcase classname="tests.CP_007_CompraNoExitosaSinDatoNombre" name="intentarRealizarCompraDeProductoSinNombre" time="2.767"/>
  <system-out>
    <![CDATA[======Launch Browser======]]>
  </system-out>
</testsuite> <!-- tests.CP_007_CompraNoExitosaSinDatoNombre -->
