<?xml version="1.0" encoding="UTF-8"?>
<!-- Generated by org.testng.reporters.JUnitReportReporter -->
<testsuite hostname="DESKTOP-EKLQ2FA" failures="0" tests="1" name="tests.CP_002_InicioSesionNoExitoso" time="2.796" errors="0" timestamp="2024-09-04T15:32:36 ART" skipped="0">
  <testcase classname="tests.CP_002_InicioSesionNoExitoso" name="iniciarSesion" time="2.796"/>
  <system-out>
    <![CDATA[======Launch Browser======]]>
  </system-out>
</testsuite> <!-- tests.CP_002_InicioSesionNoExitoso -->
