<?xml version="1.0" encoding="UTF-8"?>
<!-- Generated by org.testng.reporters.JUnitReportReporter -->
<testsuite hostname="DESKTOP-EKLQ2FA" failures="0" tests="1" name="tests.CP_008_CompraNoExitosaSinDatoApellido" time="2.786" errors="0" timestamp="2024-09-04T20:31:15 ART" skipped="0">
  <testcase classname="tests.CP_008_CompraNoExitosaSinDatoApellido" name="intentarRealizarCompraDeProductoSinApellido" time="2.786"/>
  <system-out>
    <![CDATA[======Launch Browser======]]>
  </system-out>
</testsuite> <!-- tests.CP_008_CompraNoExitosaSinDatoApellido -->
